<?xml version="1.0" encoding="UTF-8"?>
<testsuite name="skan.aop.MemberServiceImplTest" tests="1" skipped="0" failures="0" errors="0" timestamp="2022-03-25T10:08:32" hostname="mezzoui-MacBookPro.local" time="0.286">
  <properties/>
  <testcase name="저장 AOP" classname="skan.aop.MemberServiceImplTest" time="0.286"/>
  <system-out><![CDATA[19:08:31.268 [Test worker] DEBUG org.springframework.test.context.BootstrapUtils - Instantiating CacheAwareContextLoaderDelegate from class [org.springframework.test.context.cache.DefaultCacheAwareContextLoaderDelegate]
19:08:31.275 [Test worker] DEBUG org.springframework.test.context.BootstrapUtils - Instantiating BootstrapContext using constructor [public org.springframework.test.context.support.DefaultBootstrapContext(java.lang.Class,org.springframework.test.context.CacheAwareContextLoaderDelegate)]
19:08:31.297 [Test worker] DEBUG org.springframework.test.context.BootstrapUtils - Instantiating TestContextBootstrapper for test class [skan.aop.MemberServiceImplTest] from class [org.springframework.boot.test.context.SpringBootTestContextBootstrapper]
19:08:31.307 [Test worker] INFO org.springframework.boot.test.context.SpringBootTestContextBootstrapper - Neither @ContextConfiguration nor @ContextHierarchy found for test class [skan.aop.MemberServiceImplTest], using SpringBootContextLoader
19:08:31.310 [Test worker] DEBUG org.springframework.test.context.support.AbstractContextLoader - Did not detect default resource location for test class [skan.aop.MemberServiceImplTest]: class path resource [skan/aop/MemberServiceImplTest-context.xml] does not exist
19:08:31.310 [Test worker] DEBUG org.springframework.test.context.support.AbstractContextLoader - Did not detect default resource location for test class [skan.aop.MemberServiceImplTest]: class path resource [skan/aop/MemberServiceImplTestContext.groovy] does not exist
19:08:31.310 [Test worker] INFO org.springframework.test.context.support.AbstractContextLoader - Could not detect default resource locations for test class [skan.aop.MemberServiceImplTest]: no resource found for suffixes {-context.xml, Context.groovy}.
19:08:31.311 [Test worker] INFO org.springframework.test.context.support.AnnotationConfigContextLoaderUtils - Could not detect default configuration classes for test class [skan.aop.MemberServiceImplTest]: MemberServiceImplTest does not declare any static, non-private, non-final, nested classes annotated with @Configuration.
19:08:31.343 [Test worker] DEBUG org.springframework.test.context.support.ActiveProfilesUtils - Could not find an 'annotation declaring class' for annotation type [org.springframework.test.context.ActiveProfiles] and class [skan.aop.MemberServiceImplTest]
19:08:31.386 [Test worker] DEBUG org.springframework.context.annotation.ClassPathScanningCandidateComponentProvider - Identified candidate component class: file [/Users/mezzo-skan/git/progream.study/spring.skan.study/springboot.aop/springboot.default.001/build/classes/java/main/skan/SrpingApplication.class]
19:08:31.387 [Test worker] INFO org.springframework.boot.test.context.SpringBootTestContextBootstrapper - Found @SpringBootConfiguration skan.SrpingApplication for test class skan.aop.MemberServiceImplTest
19:08:31.450 [Test worker] DEBUG org.springframework.boot.test.context.SpringBootTestContextBootstrapper - @TestExecutionListeners is not present for class [skan.aop.MemberServiceImplTest]: using defaults.
19:08:31.450 [Test worker] INFO org.springframework.boot.test.context.SpringBootTestContextBootstrapper - Loaded default TestExecutionListener class names from location [META-INF/spring.factories]: [org.springframework.boot.test.autoconfigure.restdocs.RestDocsTestExecutionListener, org.springframework.boot.test.autoconfigure.web.client.MockRestServiceServerResetTestExecutionListener, org.springframework.boot.test.autoconfigure.web.servlet.MockMvcPrintOnlyOnFailureTestExecutionListener, org.springframework.boot.test.autoconfigure.web.servlet.WebDriverTestExecutionListener, org.springframework.boot.test.autoconfigure.webservices.client.MockWebServiceServerTestExecutionListener, org.springframework.boot.test.mock.mockito.MockitoTestExecutionListener, org.springframework.boot.test.mock.mockito.ResetMocksTestExecutionListener, org.springframework.test.context.web.ServletTestExecutionListener, org.springframework.test.context.support.DirtiesContextBeforeModesTestExecutionListener, org.springframework.test.context.event.ApplicationEventsTestExecutionListener, org.springframework.test.context.support.DependencyInjectionTestExecutionListener, org.springframework.test.context.support.DirtiesContextTestExecutionListener, org.springframework.test.context.transaction.TransactionalTestExecutionListener, org.springframework.test.context.jdbc.SqlScriptsTestExecutionListener, org.springframework.test.context.event.EventPublishingTestExecutionListener]
19:08:31.472 [Test worker] DEBUG org.springframework.boot.test.context.SpringBootTestContextBootstrapper - Skipping candidate TestExecutionListener [org.springframework.test.context.web.ServletTestExecutionListener] due to a missing dependency. Specify custom listener classes or make the default listener classes and their required dependencies available. Offending class: [javax/servlet/ServletContext]
19:08:31.473 [Test worker] DEBUG org.springframework.boot.test.context.SpringBootTestContextBootstrapper - Skipping candidate TestExecutionListener [org.springframework.test.context.transaction.TransactionalTestExecutionListener] due to a missing dependency. Specify custom listener classes or make the default listener classes and their required dependencies available. Offending class: [org/springframework/transaction/TransactionDefinition]
19:08:31.474 [Test worker] DEBUG org.springframework.boot.test.context.SpringBootTestContextBootstrapper - Skipping candidate TestExecutionListener [org.springframework.test.context.jdbc.SqlScriptsTestExecutionListener] due to a missing dependency. Specify custom listener classes or make the default listener classes and their required dependencies available. Offending class: [org/springframework/transaction/interceptor/TransactionAttribute]
19:08:31.474 [Test worker] INFO org.springframework.boot.test.context.SpringBootTestContextBootstrapper - Using TestExecutionListeners: [org.springframework.test.context.support.DirtiesContextBeforeModesTestExecutionListener@4b4dd216, org.springframework.test.context.event.ApplicationEventsTestExecutionListener@5ca17ab0, org.springframework.boot.test.mock.mockito.MockitoTestExecutionListener@5a62b2a4, org.springframework.boot.test.autoconfigure.SpringBootDependencyInjectionTestExecutionListener@1051817b, org.springframework.test.context.support.DirtiesContextTestExecutionListener@35293c05, org.springframework.test.context.event.EventPublishingTestExecutionListener@620aa4ea, org.springframework.boot.test.autoconfigure.restdocs.RestDocsTestExecutionListener@2db2dd9d, org.springframework.boot.test.autoconfigure.web.client.MockRestServiceServerResetTestExecutionListener@3174cb09, org.springframework.boot.test.autoconfigure.web.servlet.MockMvcPrintOnlyOnFailureTestExecutionListener@4d411036, org.springframework.boot.test.autoconfigure.web.servlet.WebDriverTestExecutionListener@7adbd080, org.springframework.boot.test.autoconfigure.webservices.client.MockWebServiceServerTestExecutionListener@41beb473, org.springframework.boot.test.mock.mockito.ResetMocksTestExecutionListener@560513ce]
19:08:31.477 [Test worker] DEBUG org.springframework.test.context.support.AbstractDirtiesContextTestExecutionListener - Before test class: context [DefaultTestContext@5769e7ae testClass = MemberServiceImplTest, testInstance = [null], testMethod = [null], testException = [null], mergedContextConfiguration = [MergedContextConfiguration@5c77053b testClass = MemberServiceImplTest, locations = '{}', classes = '{class skan.SrpingApplication}', contextInitializerClasses = '[]', activeProfiles = '{}', propertySourceLocations = '{}', propertySourceProperties = '{org.springframework.boot.test.context.SpringBootTestContextBootstrapper=true}', contextCustomizers = set[org.springframework.boot.test.autoconfigure.actuate.metrics.MetricsExportContextCustomizerFactory$DisableMetricExportContextCustomizer@38f116f6, org.springframework.boot.test.autoconfigure.properties.PropertyMappingContextCustomizer@0, org.springframework.boot.test.autoconfigure.web.servlet.WebDriverContextCustomizerFactory$Customizer@5c8504fd, org.springframework.boot.test.context.filter.ExcludeFilterContextCustomizer@7096b474, org.springframework.boot.test.json.DuplicateJsonObjectContextCustomizerFactory$DuplicateJsonObjectContextCustomizer@784b990c, org.springframework.boot.test.mock.mockito.MockitoContextCustomizer@0, org.springframework.boot.test.web.client.TestRestTemplateContextCustomizer@bff34c6, org.springframework.boot.test.context.SpringBootTestArgs@1, org.springframework.boot.test.context.SpringBootTestWebEnvironment@5340477f], contextLoader = 'org.springframework.boot.test.context.SpringBootContextLoader', parent = [null]], attributes = map[[empty]]], class annotated with @DirtiesContext [false] with mode [null].
19:08:31.486 [Test worker] DEBUG org.springframework.test.context.support.DependencyInjectionTestExecutionListener - Performing dependency injection for test context [[DefaultTestContext@5769e7ae testClass = MemberServiceImplTest, testInstance = skan.aop.MemberServiceImplTest@596df867, testMethod = [null], testException = [null], mergedContextConfiguration = [MergedContextConfiguration@5c77053b testClass = MemberServiceImplTest, locations = '{}', classes = '{class skan.SrpingApplication}', contextInitializerClasses = '[]', activeProfiles = '{}', propertySourceLocations = '{}', propertySourceProperties = '{org.springframework.boot.test.context.SpringBootTestContextBootstrapper=true}', contextCustomizers = set[org.springframework.boot.test.autoconfigure.actuate.metrics.MetricsExportContextCustomizerFactory$DisableMetricExportContextCustomizer@38f116f6, org.springframework.boot.test.autoconfigure.properties.PropertyMappingContextCustomizer@0, org.springframework.boot.test.autoconfigure.web.servlet.WebDriverContextCustomizerFactory$Customizer@5c8504fd, org.springframework.boot.test.context.filter.ExcludeFilterContextCustomizer@7096b474, org.springframework.boot.test.json.DuplicateJsonObjectContextCustomizerFactory$DuplicateJsonObjectContextCustomizer@784b990c, org.springframework.boot.test.mock.mockito.MockitoContextCustomizer@0, org.springframework.boot.test.web.client.TestRestTemplateContextCustomizer@bff34c6, org.springframework.boot.test.context.SpringBootTestArgs@1, org.springframework.boot.test.context.SpringBootTestWebEnvironment@5340477f], contextLoader = 'org.springframework.boot.test.context.SpringBootContextLoader', parent = [null]], attributes = map['org.springframework.test.context.event.ApplicationEventsTestExecutionListener.recordApplicationEvents' -> false]]].
19:08:31.508 [Test worker] DEBUG org.springframework.boot.ApplicationEnvironment - Activating profiles []
19:08:31.512 [Test worker] DEBUG org.springframework.test.context.support.TestPropertySourceUtils - Adding inlined properties to environment: {spring.jmx.enabled=false, org.springframework.boot.test.context.SpringBootTestContextBootstrapper=true}

  .   ____          _            __ _ _
 /\\ / ___'_ __ _ _(_)_ __  __ _ \ \ \ \
( ( )\___ | '_ | '_| | '_ \/ _` | \ \ \ \
 \\/  ___)| |_)| | | | | || (_| |  ) ) ) )
  '  |____| .__|_| |_|_| |_\__, | / / / /
 =========|_|==============|___/=/_/_/_/
 :: Spring Boot ::                (v2.5.7)

2022-03-25 19:08:31.722  INFO 41947 --- [    Test worker] skan.aop.MemberServiceImplTest           : Starting MemberServiceImplTest using Java 11.0.11 on mezzoui-MacBookPro.local with PID 41947 (started by mezzo-skan in /Users/mezzo-skan/git/progream.study/spring.skan.study/springboot.aop/springboot.default.001)
2022-03-25 19:08:31.723  INFO 41947 --- [    Test worker] skan.aop.MemberServiceImplTest           : No active profile set, falling back to default profiles: default
2022-03-25 19:08:32.028 DEBUG 41947 --- [    Test worker] .s.a.a.a.ReflectiveAspectJAdvisorFactory : Found AspectJ method: public java.lang.Object skan.aop.AspectMemberService.processed(org.aspectj.lang.ProceedingJoinPoint) throws java.lang.Throwable
2022-03-25 19:08:32.029 DEBUG 41947 --- [    Test worker] .s.a.a.a.ReflectiveAspectJAdvisorFactory : Found AspectJ method: public void skan.aop.AspectMemberService.doSomethingBefore(org.aspectj.lang.JoinPoint)
2022-03-25 19:08:32.029 DEBUG 41947 --- [    Test worker] .s.a.a.a.ReflectiveAspectJAdvisorFactory : Found AspectJ method: public void skan.aop.AspectMemberService.doSomethingAfter(org.aspectj.lang.JoinPoint,java.lang.Object)
2022-03-25 19:08:32.036 DEBUG 41947 --- [    Test worker] .s.a.a.a.ReflectiveAspectJAdvisorFactory : Found AspectJ method: public void skan.aop.AspectMemberService.afterThrowing(org.aspectj.lang.JoinPoint,java.lang.Exception)
2022-03-25 19:08:32.156 TRACE 41947 --- [    Test worker] a.AnnotationAwareAspectJAutoProxyCreator : Creating implicit proxy for bean 'memberServiceImpl' with 0 common interceptors and 2 specific interceptors
2022-03-25 19:08:32.158 TRACE 41947 --- [    Test worker] o.s.aop.framework.JdkDynamicAopProxy     : Creating JDK dynamic proxy: SingletonTargetSource for target object [skan.aop.MemberServiceImpl@57cb70be]
2022-03-25 19:08:32.252  INFO 41947 --- [    Test worker] skan.aop.MemberServiceImplTest           : Started MemberServiceImplTest in 0.739 seconds (JVM running for 1.577)
2022-03-25 19:08:32.254  INFO 41947 --- [    Test worker] skan.SrpingApplication                   : init str = {}
2022-03-25 19:08:32.531  INFO 41947 --- [    Test worker] skan.aop.AspectMemberService             : ------------------------ AOP-PLAIN  : START 
2022-03-25 19:08:32.531  INFO 41947 --- [    Test worker] skan.aop.AspectMemberService             : args            = memeber name
2022-03-25 19:08:32.532  INFO 41947 --- [    Test worker] skan.aop.AspectMemberService             : signature       = String skan.aop.MemberService.save(String)
2022-03-25 19:08:32.532  INFO 41947 --- [    Test worker] skan.aop.AspectMemberService             : target          = skan.aop.MemberServiceImpl@57cb70be
2022-03-25 19:08:32.532  INFO 41947 --- [    Test worker] skan.aop.AspectMemberService             : static part     = execution(String skan.aop.MemberService.save(String))
2022-03-25 19:08:32.532  INFO 41947 --- [    Test worker] skan.aop.AspectMemberService             : kind            = method-execution
2022-03-25 19:08:32.533  INFO 41947 --- [    Test worker] skan.aop.AspectMemberService             : source location = org.springframework.aop.aspectj.MethodInvocationProceedingJoinPoint$SourceLocationImpl@28279a49
2022-03-25 19:08:32.533  INFO 41947 --- [    Test worker] skan.aop.AspectMemberService             : this            = skan.aop.MemberServiceImpl@57cb70be
2022-03-25 19:08:32.533  INFO 41947 --- [    Test worker] skan.aop.AspectMemberService             : class           = class org.springframework.aop.aspectj.MethodInvocationProceedingJoinPoint
2022-03-25 19:08:32.533  INFO 41947 --- [    Test worker] skan.aop.MemberServiceImpl               : data = memeber name
2022-03-25 19:08:32.534  INFO 41947 --- [    Test worker] skan.aop.AspectMemberService             : aspect 실행 시간 = 3 
2022-03-25 19:08:32.534  INFO 41947 --- [    Test worker] skan.aop.AspectMemberService             : ------------------------ AOP-PLAIN  : END 
2022-03-25 19:08:32.534  INFO 41947 --- [    Test worker] skan.aop.AspectMemberService             : ------------------------ AOP-ANNOTATION VALUE  : START
2022-03-25 19:08:32.534  INFO 41947 --- [    Test worker] skan.aop.AspectMemberService             : retry count  = 3 
2022-03-25 19:08:32.537  INFO 41947 --- [    Test worker] skan.aop.AspectMemberService             : ------------------------ AOP-ANNOTATION VALUE : END
]]></system-out>
  <system-err><![CDATA[]]></system-err>
</testsuite>
